<?xml version="1.0" encoding="UTF-8"?>
<!-- Generated by org.testng.reporters.JUnitReportReporter -->
<testsuite hostname="Aguirre-LAPTOP" failures="0" tests="4" name="API_Aguirre" time="9.841" errors="0" timestamp="2021-05-18T22:16:28 PST" skipped="0">
  <testcase classname="API_Aguirre" name="get" time="7.020"/>
  <system-out/>
  <testcase classname="API_Aguirre" name="patch" time="0.985"/>
  <system-out/>
  <testcase classname="API_Aguirre" name="post" time="0.851"/>
  <system-out/>
  <testcase classname="API_Aguirre" name="testing4delete" time="0.985"/>
  <system-out/>
</testsuite> <!-- API_Aguirre -->
